v8-version,6,0,287,53,0
new,CodeRange,000002DEE3F80000,536870912
new,MemoryChunk,000001CFD3D80000,524288
new,MemoryChunk,00000372AB580000,524288
heap-capacity,1031168
heap-available,1501010432
new,MemoryChunk,000002DEE4000000,524288
new,MemoryChunk,000002DEE4080000,524288
new,MemoryChunk,000002DEE4100000,524288
new,MemoryChunk,0000008CCD280000,524288
new,MemoryChunk,000002DEE4180000,524288
new,MemoryChunk,000002DEE4200000,524288
new,MemoryChunk,000002DEE4280000,524288
new,MemoryChunk,000001DCD9F00000,524288
new,MemoryChunk,00000385F7180000,524288
new,MemoryChunk,0000013A1F380000,524288
new,MemoryChunk,0000014793E80000,524288
new,MemoryChunk,000002DEE4300000,524288
check-maps-depth,1
check-maps-depth,1
check-maps-depth,1
check-maps-depth,1
check-maps-depth,1
check-maps-depth,1
check-maps-depth,1
check-maps-depth,1
check-maps-depth,1
check-maps-depth,1
check-maps-depth,1
new,MemoryChunk,0000001BC0180000,524288
new,MemoryChunk,000003739A200000,524288
scavenge,begin,0,31250,1520234451554
scavenge,end,0,31250,1520234451554
check-maps-depth,1
scavenge,begin,0,46875,1520234451562
new,MemoryChunk,000001C431A00000,524288
new,MemoryChunk,00000337D5F80000,524288
scavenge,end,0,46875,1520234451563
check-maps-depth,1
new,MemoryChunk,00000382DA400000,524288
new,MemoryChunk,0000002611C80000,524288
new,MemoryChunk,0000007F38100000,524288
new,MemoryChunk,00000085C8B80000,524288
new,MemoryChunk,000001AE19600000,524288
scavenge,begin,0,78125,1520234451601
scavenge,end,0,93750,1520234451602
new,MemoryChunk,000000A94CE00000,524288
check-maps-depth,1
scavenge,begin,0,109375,1520234451635
new,MemoryChunk,0000020A83480000,524288
scavenge,end,0,109375,1520234451636
new,MemoryChunk,0000006F64400000,524288
scavenge,begin,0,125000,1520234451667
scavenge,end,0,125000,1520234451668
check-maps-depth,1
check-maps-depth,1
new,MemoryChunk,0000010BFDD80000,524288
new,MemoryChunk,0000028535E80000,524288
new,MemoryChunk,00000169F3380000,524288
new,MemoryChunk,000000B693C00000,524288
new,MemoryChunk,000002AF8F380000,524288
new,MemoryChunk,0000029E9AF80000,524288
new,MemoryChunk,0000038A37500000,524288
new,MemoryChunk,00000198C5300000,524288
new,MemoryChunk,00000062AE680000,524288
scavenge,begin,0,140625,1520234451688
new,MemoryChunk,0000039476380000,524288
scavenge,end,0,140625,1520234451689
new,MemoryChunk,000001E8CA580000,524288
scavenge,begin,0,156250,1520234451741
new,MemoryChunk,000001A00CC80000,524288
scavenge,end,0,171875,1520234451742
new,MemoryChunk,0000016A75900000,524288
new,MemoryChunk,00000206CA500000,524288
check-maps-depth,1
scavenge,begin,0,187500,1520234451788
new,MemoryChunk,0000023AB3A80000,524288
new,MemoryChunk,000001F5FCF80000,524288
scavenge,end,0,203125,1520234451789
check-maps-depth,1
check-maps-depth,1
scavenge,begin,0,218750,1520234451830
new,MemoryChunk,000002F560400000,524288
new,MemoryChunk,0000027DE8500000,524288
scavenge,end,0,218750,1520234451831
new,MemoryChunk,00000229BE080000,524288
new,MemoryChunk,000003CA31900000,524288
new,MemoryChunk,0000038E4B800000,524288
new,MemoryChunk,00000237C3600000,524288
new,MemoryChunk,0000032237780000,524288
new,MemoryChunk,0000001066B00000,524288
new,MemoryChunk,000002DE3C680000,524288
new,MemoryChunk,00000102C7900000,524288
new,MemoryChunk,0000014F26E80000,524288
new,MemoryChunk,000003E301580000,524288
new,MemoryChunk,000001944A480000,524288
new,MemoryChunk,00000359F5D00000,524288
new,MemoryChunk,0000022AD0200000,524288
new,MemoryChunk,000003B219780000,524288
new,MemoryChunk,000001C300F00000,524288
new,MemoryChunk,0000035936C00000,524288
new,MemoryChunk,000000C332300000,524288
scavenge,begin,0,250000,1520234451875
new,MemoryChunk,0000017EFE700000,524288
new,MemoryChunk,00000243F7080000,524288
scavenge,end,0,250000,1520234451876
check-maps-depth,1
check-maps-depth,1
new,MemoryChunk,000002440C180000,524288
check-maps-depth,1
check-maps-depth,1
scavenge,begin,0,343750,1520234452000
new,MemoryChunk,000000C5BB300000,524288
new,MemoryChunk,000000F900E00000,524288
scavenge,end,0,343750,1520234452002
check-maps-depth,1
check-maps-depth,1
new,MemoryChunk,0000027E49080000,524288
check-maps-depth,3
check-maps-depth,2
check-maps-depth,1
scavenge,begin,0,406250,1520234452114
new,MemoryChunk,0000037036D00000,524288
new,MemoryChunk,00000303BE180000,524288
new,MemoryChunk,000002D30A980000,524288
new,MemoryChunk,000003DC32980000,524288
scavenge,end,0,406250,1520234452118
check-maps-depth,2
check-maps-depth,2
check-maps-depth,2
check-maps-depth,2
markcompact,begin,0,421875,1520234452133
new,MemoryChunk,00000271E3380000,524288
new,MemoryChunk,000000ECAE100000,524288
markcompact,end,0,421875,1520234452138
check-maps-depth,3
check-maps-depth,1
check-maps-depth,1
new,MemoryChunk,00000311B5880000,524288
new,MemoryChunk,000002F57BF80000,524288
new,MemoryChunk,000000436EE80000,524288
new,MemoryChunk,0000005585380000,524288
new,MemoryChunk,000003C1D9300000,524288
new,MemoryChunk,000002CCAC780000,524288
new,MemoryChunk,0000023E7B000000,524288
new,MemoryChunk,000000BDCC700000,524288
new,MemoryChunk,0000015A73680000,524288
new,MemoryChunk,000001C0DD000000,524288
new,MemoryChunk,0000000BB7400000,524288
new,MemoryChunk,000001BC65500000,524288
new,MemoryChunk,0000020422B00000,524288
new,MemoryChunk,0000013E57F00000,524288
new,MemoryChunk,00000207FA900000,524288
new,MemoryChunk,0000015004000000,524288
new,MemoryChunk,0000013C6FA00000,524288
new,MemoryChunk,0000029EC2E80000,524288
new,MemoryChunk,000001FFDCF00000,524288
new,MemoryChunk,000000D4DD200000,524288
new,MemoryChunk,000002180AD80000,524288
new,MemoryChunk,00000359BFB00000,524288
new,MemoryChunk,0000015429600000,524288
new,MemoryChunk,000003898B380000,524288
new,MemoryChunk,0000024F15800000,524288
new,MemoryChunk,00000225E9C00000,524288
new,MemoryChunk,000001D537980000,524288
new,MemoryChunk,000001062F300000,524288
new,MemoryChunk,000001FA3E100000,524288
new,MemoryChunk,00000282CD900000,524288
new,MemoryChunk,000000FD83880000,524288
new,MemoryChunk,0000021973900000,524288
markcompact,begin,0,468750,1520234460171
markcompact,end,0,468750,1520234460173
delete,MemoryChunk,0000021973900000
delete,MemoryChunk,000000FD83880000
delete,MemoryChunk,00000282CD900000
delete,MemoryChunk,000001FA3E100000
delete,MemoryChunk,000001062F300000
delete,MemoryChunk,000001D537980000
delete,MemoryChunk,00000225E9C00000
delete,MemoryChunk,0000024F15800000
delete,MemoryChunk,000003898B380000
delete,MemoryChunk,0000015429600000
delete,MemoryChunk,00000359BFB00000
delete,MemoryChunk,000002180AD80000
delete,MemoryChunk,000000D4DD200000
delete,MemoryChunk,000001FFDCF00000
delete,MemoryChunk,0000029EC2E80000
delete,MemoryChunk,0000013C6FA00000
delete,MemoryChunk,000000C332300000
delete,MemoryChunk,0000035936C00000
delete,MemoryChunk,000001C300F00000
delete,MemoryChunk,000003B219780000
delete,MemoryChunk,0000022AD0200000
delete,MemoryChunk,00000359F5D00000
delete,MemoryChunk,000001944A480000
delete,MemoryChunk,000003E301580000
delete,MemoryChunk,00000062AE680000
delete,MemoryChunk,00000198C5300000
delete,MemoryChunk,0000038A37500000
delete,MemoryChunk,0000029E9AF80000
delete,MemoryChunk,0000007F38100000
delete,MemoryChunk,0000002611C80000
delete,MemoryChunk,0000015004000000
delete,MemoryChunk,00000207FA900000
delete,MemoryChunk,0000013E57F00000
delete,MemoryChunk,0000020422B00000
delete,MemoryChunk,000001BC65500000
delete,MemoryChunk,0000000BB7400000
delete,MemoryChunk,000001C0DD000000
delete,MemoryChunk,0000015A73680000
delete,MemoryChunk,000000BDCC700000
delete,MemoryChunk,0000023E7B000000
delete,MemoryChunk,000002CCAC780000
delete,MemoryChunk,000003C1D9300000
delete,MemoryChunk,0000005585380000
delete,MemoryChunk,000000436EE80000
delete,MemoryChunk,000002F57BF80000
delete,MemoryChunk,00000311B5880000
delete,MemoryChunk,0000014F26E80000
delete,MemoryChunk,00000102C7900000
delete,MemoryChunk,000002DE3C680000
delete,MemoryChunk,0000001066B00000
delete,MemoryChunk,0000032237780000
delete,MemoryChunk,00000237C3600000
delete,MemoryChunk,0000038E4B800000
delete,MemoryChunk,000003CA31900000
delete,MemoryChunk,000002AF8F380000
delete,MemoryChunk,000000B693C00000
delete,MemoryChunk,00000169F3380000
delete,MemoryChunk,0000028535E80000
delete,MemoryChunk,000001AE19600000
delete,MemoryChunk,00000085C8B80000
delete,MemoryChunk,0000001BC0180000
delete,MemoryChunk,000003739A200000
markcompact,begin,0,484375,1520234461186
new,MemoryChunk,000000556E800000,524288
markcompact,end,0,484375,1520234461187
delete,MemoryChunk,000000ECAE100000
delete,MemoryChunk,000001CFD3D80000
scavenge,begin,0,546875,1520234927283
scavenge,end,0,546875,1520234927283
delete,MemoryChunk,0000021973900000
delete,MemoryChunk,000000FD83880000
